<?xml version="1.0" encoding="UTF-8"?>
<testng-results skipped="0" failed="0" ignored="0" total="1" passed="1">
  <reporter-output>
  </reporter-output>
  <suite name="Default suite" duration-ms="4921" started-at="2021-10-28T03:50:25Z" finished-at="2021-10-28T03:50:30Z">
    <groups>
    </groups>
    <test name="Default test" duration-ms="4921" started-at="2021-10-28T03:50:25Z" finished-at="2021-10-28T03:50:30Z">
      <class name="testcases.LoginPageValidationTest">
        <test-method status="PASS" signature="init()[pri:0, instance:testcases.LoginPageValidationTest@46d56d67]" name="init" is-config="true" duration-ms="7841" started-at="2021-10-28T03:50:17Z" finished-at="2021-10-28T03:50:25Z">
          <reporter-output>
          </reporter-output>
        </test-method> <!-- init -->
        <test-method status="PASS" signature="validScenario()[pri:0, instance:testcases.LoginPageValidationTest@46d56d67]" name="validScenario" duration-ms="4875" started-at="2021-10-28T03:50:25Z" finished-at="2021-10-28T03:50:30Z">
          <reporter-output>
          </reporter-output>
        </test-method> <!-- validScenario -->
      </class> <!-- testcases.LoginPageValidationTest -->
    </test> <!-- Default test -->
  </suite> <!-- Default suite -->
</testng-results>
